<?xml version="1.0" encoding="UTF-8"?>
<!-- Generated by org.testng.reporters.JUnitXMLReporter -->
<testsuite ignored="0" hostname="LAPTOP-99THHR0M" failures="1" tests="1" name="Default test" time="69.127" errors="0" timestamp="2025-12-27T18:45:19 IST">
  <testcase classname="tests.NewEventTests" name="createNewEventHappyPath" time="49.947">
    <failure type="java.lang.AssertionError" message="Test failed due to unexpected exception: element click intercepted: Element &amp;lt;button type=&amp;quot;button&amp;quot; class=&amp;quot;p-1.5 rounded hover:bg-slate-200 dark:hover:bg-slate-600 transition-colors text-slate-600 dark:text-slate-300&amp;quot; title=&amp;quot;Expand&amp;quot;&amp;gt;...&amp;lt;/button&amp;gt; is not clickable at point (1237, 665). Other element would receive the click: &amp;lt;div class=&amp;quot;fixed bottom-0 right-0 left-0 md:left-56 bg-white border-t border-slate-200 px-6 py-4 flex flex-col md:flex-row justify-between items-center gap-4 shadow-[0_-4px_12px_-2px_rgba(0,0,0,0.08)] z-30 animate-in fade-in slide-in-from-bottom-4 duration-500&amp;quot;&amp;gt;...&amp;lt;/div&amp;gt;
  (Session info: chrome=143.0.7499.147)
Build info: version: &amp;apos;4.16.1&amp;apos;, revision: &amp;apos;9b4c83354e&amp;apos;
System info: os.name: &amp;apos;Windows 11&amp;apos;, os.arch: &amp;apos;amd64&amp;apos;, os.version: &amp;apos;10.0&amp;apos;, java.version: &amp;apos;23.0.2&amp;apos;
Driver info: org.openqa.selenium.chrome.ChromeDriver
Command: [0211f0ed36e6dbd4b5590c59fbd6e4b6, clickElement {id=f.6CB1517683298DAB85D80457E697AF5B.d.18067D73AC446EC01AB5C9DC8FCB4B56.e.105}]
Capabilities {acceptInsecureCerts: false, browserName: chrome, browserVersion: 143.0.7499.147, chrome: {chromedriverVersion: 143.0.7499.169 (164b20aab62..., userDataDir: C:\Users\SUJAYA~1\AppData\L...}, fedcm:accounts: true, goog:chromeOptions: {debuggerAddress: localhost:54037}, goog:processID: 21008, networkConnectionEnabled: false, pageLoadStrategy: normal, platformName: windows, proxy: Proxy(), se:cdp: ws://localhost:54037/devtoo..., se:cdpVersion: 143.0.7499.147, setWindowRect: true, strictFileInteractability: false, timeouts: {implicit: 0, pageLoad: 300000, script: 30000}, unhandledPromptBehavior: dismiss and notify, webauthn:extension:credBlob: true, webauthn:extension:largeBlob: true, webauthn:extension:minPinLength: true, webauthn:extension:prf: true, webauthn:virtualAuthenticators: true}
Element: [[ChromeDriver: chrome on windows (0211f0ed36e6dbd4b5590c59fbd6e4b6)] -&amp;gt; xpath: (//button[@title=&amp;apos;Expand&amp;apos;])[1]]
Session ID: 0211f0ed36e6dbd4b5590c59fbd6e4b6">
      <![CDATA[java.lang.AssertionError: Test failed due to unexpected exception: element click intercepted: Element <button type="button" class="p-1.5 rounded hover:bg-slate-200 dark:hover:bg-slate-600 transition-colors text-slate-600 dark:text-slate-300" title="Expand">...</button> is not clickable at point (1237, 665). Other element would receive the click: <div class="fixed bottom-0 right-0 left-0 md:left-56 bg-white border-t border-slate-200 px-6 py-4 flex flex-col md:flex-row justify-between items-center gap-4 shadow-[0_-4px_12px_-2px_rgba(0,0,0,0.08)] z-30 animate-in fade-in slide-in-from-bottom-4 duration-500">...</div>
  (Session info: chrome=143.0.7499.147)
Build info: version: '4.16.1', revision: '9b4c83354e'
System info: os.name: 'Windows 11', os.arch: 'amd64', os.version: '10.0', java.version: '23.0.2'
Driver info: org.openqa.selenium.chrome.ChromeDriver
Command: [0211f0ed36e6dbd4b5590c59fbd6e4b6, clickElement {id=f.6CB1517683298DAB85D80457E697AF5B.d.18067D73AC446EC01AB5C9DC8FCB4B56.e.105}]
Capabilities {acceptInsecureCerts: false, browserName: chrome, browserVersion: 143.0.7499.147, chrome: {chromedriverVersion: 143.0.7499.169 (164b20aab62..., userDataDir: C:\Users\SUJAYA~1\AppData\L...}, fedcm:accounts: true, goog:chromeOptions: {debuggerAddress: localhost:54037}, goog:processID: 21008, networkConnectionEnabled: false, pageLoadStrategy: normal, platformName: windows, proxy: Proxy(), se:cdp: ws://localhost:54037/devtoo..., se:cdpVersion: 143.0.7499.147, setWindowRect: true, strictFileInteractability: false, timeouts: {implicit: 0, pageLoad: 300000, script: 30000}, unhandledPromptBehavior: dismiss and notify, webauthn:extension:credBlob: true, webauthn:extension:largeBlob: true, webauthn:extension:minPinLength: true, webauthn:extension:prf: true, webauthn:virtualAuthenticators: true}
Element: [[ChromeDriver: chrome on windows (0211f0ed36e6dbd4b5590c59fbd6e4b6)] -> xpath: (//button[@title='Expand'])[1]]
Session ID: 0211f0ed36e6dbd4b5590c59fbd6e4b6
at org.testng.Assert.fail(Assert.java:99)
at tests.NewEventTests.createNewEventHappyPath(NewEventTests.java:97)
at java.base/jdk.internal.reflect.DirectMethodHandleAccessor.invoke(DirectMethodHandleAccessor.java:103)
at java.base/java.lang.reflect.Method.invoke(Method.java:580)
at org.testng.internal.invokers.MethodInvocationHelper.invokeMethod(MethodInvocationHelper.java:139)
at org.testng.internal.invokers.TestInvoker.invokeMethod(TestInvoker.java:664)
at org.testng.internal.invokers.TestInvoker.invokeTestMethod(TestInvoker.java:227)
at org.testng.internal.invokers.MethodRunner.runInSequence(MethodRunner.java:50)
at org.testng.internal.invokers.TestInvoker$MethodInvocationAgent.invoke(TestInvoker.java:957)
at org.testng.internal.invokers.TestInvoker.invokeTestMethods(TestInvoker.java:200)
at org.testng.internal.invokers.TestMethodWorker.invokeTestMethods(TestMethodWorker.java:148)
at org.testng.internal.invokers.TestMethodWorker.run(TestMethodWorker.java:128)
at java.base/java.util.ArrayList.forEach(ArrayList.java:1597)
at org.testng.TestRunner.privateRun(TestRunner.java:848)
at org.testng.TestRunner.run(TestRunner.java:621)
at org.testng.SuiteRunner.runTest(SuiteRunner.java:443)
at org.testng.SuiteRunner.runSequentially(SuiteRunner.java:437)
at org.testng.SuiteRunner.privateRun(SuiteRunner.java:397)
at org.testng.SuiteRunner.run(SuiteRunner.java:336)
at org.testng.SuiteRunnerWorker.runSuite(SuiteRunnerWorker.java:52)
at org.testng.SuiteRunnerWorker.run(SuiteRunnerWorker.java:95)
at org.testng.TestNG.runSuitesSequentially(TestNG.java:1280)
at org.testng.TestNG.runSuitesLocally(TestNG.java:1200)
at org.testng.TestNG.runSuites(TestNG.java:1114)
at org.testng.TestNG.run(TestNG.java:1082)
at org.testng.remote.AbstractRemoteTestNG.run(AbstractRemoteTestNG.java:115)
at org.testng.remote.RemoteTestNG.initAndRun(RemoteTestNG.java:293)
at org.testng.remote.RemoteTestNG.main(RemoteTestNG.java:91)
Caused by: org.openqa.selenium.ElementClickInterceptedException: element click intercepted: Element <button type="button" class="p-1.5 rounded hover:bg-slate-200 dark:hover:bg-slate-600 transition-colors text-slate-600 dark:text-slate-300" title="Expand">...</button> is not clickable at point (1237, 665). Other element would receive the click: <div class="fixed bottom-0 right-0 left-0 md:left-56 bg-white border-t border-slate-200 px-6 py-4 flex flex-col md:flex-row justify-between items-center gap-4 shadow-[0_-4px_12px_-2px_rgba(0,0,0,0.08)] z-30 animate-in fade-in slide-in-from-bottom-4 duration-500">...</div>
  (Session info: chrome=143.0.7499.147)
Build info: version: '4.16.1', revision: '9b4c83354e'
System info: os.name: 'Windows 11', os.arch: 'amd64', os.version: '10.0', java.version: '23.0.2'
Driver info: org.openqa.selenium.chrome.ChromeDriver
Command: [0211f0ed36e6dbd4b5590c59fbd6e4b6, clickElement {id=f.6CB1517683298DAB85D80457E697AF5B.d.18067D73AC446EC01AB5C9DC8FCB4B56.e.105}]
Capabilities {acceptInsecureCerts: false, browserName: chrome, browserVersion: 143.0.7499.147, chrome: {chromedriverVersion: 143.0.7499.169 (164b20aab62..., userDataDir: C:\Users\SUJAYA~1\AppData\L...}, fedcm:accounts: true, goog:chromeOptions: {debuggerAddress: localhost:54037}, goog:processID: 21008, networkConnectionEnabled: false, pageLoadStrategy: normal, platformName: windows, proxy: Proxy(), se:cdp: ws://localhost:54037/devtoo..., se:cdpVersion: 143.0.7499.147, setWindowRect: true, strictFileInteractability: false, timeouts: {implicit: 0, pageLoad: 300000, script: 30000}, unhandledPromptBehavior: dismiss and notify, webauthn:extension:credBlob: true, webauthn:extension:largeBlob: true, webauthn:extension:minPinLength: true, webauthn:extension:prf: true, webauthn:virtualAuthenticators: true}
Element: [[ChromeDriver: chrome on windows (0211f0ed36e6dbd4b5590c59fbd6e4b6)] -> xpath: (//button[@title='Expand'])[1]]
Session ID: 0211f0ed36e6dbd4b5590c59fbd6e4b6
at java.base/jdk.internal.reflect.DirectConstructorHandleAccessor.newInstance(DirectConstructorHandleAccessor.java:62)
at java.base/java.lang.reflect.Constructor.newInstanceWithCaller(Constructor.java:501)
at java.base/java.lang.reflect.Constructor.newInstance(Constructor.java:485)
at org.openqa.selenium.remote.codec.w3c.W3CHttpResponseCodec.createException(W3CHttpResponseCodec.java:200)
at org.openqa.selenium.remote.codec.w3c.W3CHttpResponseCodec.decode(W3CHttpResponseCodec.java:133)
at org.openqa.selenium.remote.codec.w3c.W3CHttpResponseCodec.decode(W3CHttpResponseCodec.java:52)
at org.openqa.selenium.remote.HttpCommandExecutor.execute(HttpCommandExecutor.java:191)
at org.openqa.selenium.remote.service.DriverCommandExecutor.invokeExecute(DriverCommandExecutor.java:200)
at org.openqa.selenium.remote.service.DriverCommandExecutor.execute(DriverCommandExecutor.java:175)
at org.openqa.selenium.remote.RemoteWebDriver.execute(RemoteWebDriver.java:523)
at org.openqa.selenium.remote.RemoteWebElement.execute(RemoteWebElement.java:224)
at org.openqa.selenium.remote.RemoteWebElement.click(RemoteWebElement.java:77)
at base.BasePage.safeClick(BasePage.java:70)
at pages.NewEventPage.expandDetailedDescription(NewEventPage.java:115)
at tests.NewEventTests.createNewEventHappyPath(NewEventTests.java:81)
... 26 more
]]>
    </failure>
  </testcase> <!-- createNewEventHappyPath -->
</testsuite> <!-- Default test -->
